  [1m[36m (1.7ms)[0m  [1mCREATE TABLE "schema_migrations" ("version" varchar NOT NULL) [0m
  [1m[35m (0.1ms)[0m  select sqlite_version(*)
  [1m[36m (1.6ms)[0m  [1mCREATE UNIQUE INDEX "unique_schema_migrations" ON "schema_migrations" ("version")[0m
  [1m[35mActiveRecord::SchemaMigration Load (0.1ms)[0m  SELECT "schema_migrations".* FROM "schema_migrations"


Started GET "/" for ::1 at 2015-11-17 17:47:54 -0600
Processing by Rails::WelcomeController#index as HTML
  Rendered /Users/admin/.rvm/gems/ruby-2.1.2/gems/railties-4.2.3/lib/rails/templates/rails/welcome/index.html.erb (2.8ms)
Completed 200 OK in 27ms (Views: 19.4ms | ActiveRecord: 0.0ms)
  [1m[36mActiveRecord::SchemaMigration Load (0.1ms)[0m  [1mSELECT "schema_migrations".* FROM "schema_migrations"[0m
Migrating to CreateStudents (1)
  [1m[35m (0.1ms)[0m  begin transaction
  [1m[36m (0.4ms)[0m  [1mCREATE TABLE "students" ("id" INTEGER PRIMARY KEY AUTOINCREMENT NOT NULL, "first_name" varchar, "last_name" varchar, "created_at" datetime NOT NULL, "updated_at" datetime NOT NULL) [0m
  [1m[35mSQL (0.3ms)[0m  INSERT INTO "schema_migrations" ("version") VALUES (?)  [["version", "1"]]
  [1m[36m (1.4ms)[0m  [1mcommit transaction[0m
  [1m[35mActiveRecord::SchemaMigration Load (0.1ms)[0m  SELECT "schema_migrations".* FROM "schema_migrations"
  [1m[36m (0.1ms)[0m  [1mbegin transaction[0m
  [1m[35mSQL (0.3ms)[0m  INSERT INTO "students" ("first_name", "last_name", "created_at", "updated_at") VALUES (?, ?, ?, ?)  [["first_name", "Jordan"], ["last_name", "Hudgens"], ["created_at", "2015-11-18 00:10:55.545365"], ["updated_at", "2015-11-18 00:10:55.545365"]]
  [1m[36m (2.9ms)[0m  [1mcommit transaction[0m
  [1m[35mStudent Load (0.2ms)[0m  SELECT  "students".* FROM "students"  ORDER BY "students"."id" DESC LIMIT 1
  [1m[36m (0.1ms)[0m  [1mbegin transaction[0m
  [1m[35mSQL (0.3ms)[0m  INSERT INTO "students" ("created_at", "updated_at") VALUES (?, ?)  [["created_at", "2015-11-18 00:17:49.095449"], ["updated_at", "2015-11-18 00:17:49.095449"]]
  [1m[36m (1.2ms)[0m  [1mcommit transaction[0m
  [1m[35mStudent Load (0.2ms)[0m  SELECT  "students".* FROM "students"  ORDER BY "students"."id" DESC LIMIT 1
  [1m[36mActiveRecord::SchemaMigration Load (0.1ms)[0m  [1mSELECT "schema_migrations".* FROM "schema_migrations"[0m
  [1m[35mActiveRecord::SchemaMigration Load (0.1ms)[0m  SELECT "schema_migrations".* FROM "schema_migrations"


Started GET "/" for ::1 at 2015-11-18 13:36:42 -0600
  [1m[36mActiveRecord::SchemaMigration Load (0.1ms)[0m  [1mSELECT "schema_migrations".* FROM "schema_migrations"[0m
Processing by Rails::WelcomeController#index as HTML
  Rendered /Users/admin/.rvm/gems/ruby-2.1.2/gems/railties-4.2.3/lib/rails/templates/rails/welcome/index.html.erb (2.4ms)
Completed 200 OK in 39ms (Views: 24.5ms | ActiveRecord: 0.0ms)


Started GET "/" for ::1 at 2015-11-18 13:37:10 -0600
Processing by Rails::WelcomeController#index as HTML
  Rendered /Users/admin/.rvm/gems/ruby-2.1.2/gems/railties-4.2.3/lib/rails/templates/rails/welcome/index.html.erb (0.0ms)
Completed 200 OK in 1ms (Views: 0.7ms | ActiveRecord: 0.0ms)
  [1m[36mActiveRecord::SchemaMigration Load (0.1ms)[0m  [1mSELECT "schema_migrations".* FROM "schema_migrations"[0m
  [1m[35mActiveRecord::SchemaMigration Load (0.1ms)[0m  SELECT "schema_migrations".* FROM "schema_migrations"


Started GET "/" for ::1 at 2016-07-05 17:19:48 -0400

ActiveRecord::PendingMigrationError (

Migrations are pending. To resolve this issue, run:

	bin/rake db:migrate RAILS_ENV=development

):
  activerecord (4.2.3) lib/active_record/migration.rb:392:in `check_pending!'
  activerecord (4.2.3) lib/active_record/migration.rb:373:in `call'
  actionpack (4.2.3) lib/action_dispatch/middleware/callbacks.rb:29:in `block in call'
  activesupport (4.2.3) lib/active_support/callbacks.rb:84:in `run_callbacks'
  actionpack (4.2.3) lib/action_dispatch/middleware/callbacks.rb:27:in `call'
  actionpack (4.2.3) lib/action_dispatch/middleware/reloader.rb:73:in `call'
  actionpack (4.2.3) lib/action_dispatch/middleware/remote_ip.rb:78:in `call'
  actionpack (4.2.3) lib/action_dispatch/middleware/debug_exceptions.rb:17:in `call'
  web-console (2.3.0) lib/web_console/middleware.rb:28:in `block in call'
  web-console (2.3.0) lib/web_console/middleware.rb:18:in `catch'
  web-console (2.3.0) lib/web_console/middleware.rb:18:in `call'
  actionpack (4.2.3) lib/action_dispatch/middleware/show_exceptions.rb:30:in `call'
  railties (4.2.3) lib/rails/rack/logger.rb:38:in `call_app'
  railties (4.2.3) lib/rails/rack/logger.rb:20:in `block in call'
  activesupport (4.2.3) lib/active_support/tagged_logging.rb:68:in `block in tagged'
  activesupport (4.2.3) lib/active_support/tagged_logging.rb:26:in `tagged'
  activesupport (4.2.3) lib/active_support/tagged_logging.rb:68:in `tagged'
  railties (4.2.3) lib/rails/rack/logger.rb:20:in `call'
  actionpack (4.2.3) lib/action_dispatch/middleware/request_id.rb:21:in `call'
  rack (1.6.4) lib/rack/methodoverride.rb:22:in `call'
  rack (1.6.4) lib/rack/runtime.rb:18:in `call'
  activesupport (4.2.3) lib/active_support/cache/strategy/local_cache_middleware.rb:28:in `call'
  rack (1.6.4) lib/rack/lock.rb:17:in `call'
  actionpack (4.2.3) lib/action_dispatch/middleware/static.rb:116:in `call'
  rack (1.6.4) lib/rack/sendfile.rb:113:in `call'
  railties (4.2.3) lib/rails/engine.rb:518:in `call'
  railties (4.2.3) lib/rails/application.rb:165:in `call'
  rack (1.6.4) lib/rack/lock.rb:17:in `call'
  rack (1.6.4) lib/rack/content_length.rb:15:in `call'
  rack (1.6.4) lib/rack/handler/webrick.rb:88:in `service'
  /Users/gust/.rvm/rubies/ruby-2.0.0-p451/lib/ruby/2.0.0/webrick/httpserver.rb:138:in `service'
  /Users/gust/.rvm/rubies/ruby-2.0.0-p451/lib/ruby/2.0.0/webrick/httpserver.rb:94:in `run'
  /Users/gust/.rvm/rubies/ruby-2.0.0-p451/lib/ruby/2.0.0/webrick/server.rb:295:in `block in start_thread'


  Rendered /Users/gust/.rvm/gems/ruby-2.0.0-p451/gems/actionpack-4.2.3/lib/action_dispatch/middleware/templates/rescues/_source.erb (2.0ms)
  Rendered /Users/gust/.rvm/gems/ruby-2.0.0-p451/gems/actionpack-4.2.3/lib/action_dispatch/middleware/templates/rescues/_trace.html.erb (3.2ms)
  Rendered /Users/gust/.rvm/gems/ruby-2.0.0-p451/gems/actionpack-4.2.3/lib/action_dispatch/middleware/templates/rescues/_request_and_response.html.erb (1.2ms)
  Rendered /Users/gust/.rvm/gems/ruby-2.0.0-p451/gems/actionpack-4.2.3/lib/action_dispatch/middleware/templates/rescues/diagnostics.html.erb within rescues/layout (28.3ms)
  Rendered /Users/gust/.rvm/gems/ruby-2.0.0-p451/gems/web-console-2.3.0/lib/web_console/templates/_markup.html.erb (0.3ms)
  Rendered /Users/gust/.rvm/gems/ruby-2.0.0-p451/gems/web-console-2.3.0/lib/web_console/templates/_inner_console_markup.html.erb within layouts/inlined_string (0.3ms)
  Rendered /Users/gust/.rvm/gems/ruby-2.0.0-p451/gems/web-console-2.3.0/lib/web_console/templates/_prompt_box_markup.html.erb within layouts/inlined_string (0.3ms)
  Rendered /Users/gust/.rvm/gems/ruby-2.0.0-p451/gems/web-console-2.3.0/lib/web_console/templates/style.css.erb within layouts/inlined_string (0.3ms)
  Rendered /Users/gust/.rvm/gems/ruby-2.0.0-p451/gems/web-console-2.3.0/lib/web_console/templates/console.js.erb within layouts/javascript (20.7ms)
  Rendered /Users/gust/.rvm/gems/ruby-2.0.0-p451/gems/web-console-2.3.0/lib/web_console/templates/main.js.erb within layouts/javascript (0.3ms)
  Rendered /Users/gust/.rvm/gems/ruby-2.0.0-p451/gems/web-console-2.3.0/lib/web_console/templates/error_page.js.erb within layouts/javascript (0.3ms)
  Rendered /Users/gust/.rvm/gems/ruby-2.0.0-p451/gems/web-console-2.3.0/lib/web_console/templates/index.html.erb (42.8ms)
  [1m[36m (1.0ms)[0m  [1mCREATE TABLE "schema_migrations" ("version" varchar NOT NULL) [0m
  [1m[35m (0.1ms)[0m  select sqlite_version(*)
  [1m[36m (0.8ms)[0m  [1mCREATE UNIQUE INDEX "unique_schema_migrations" ON "schema_migrations" ("version")[0m
  [1m[35mActiveRecord::SchemaMigration Load (0.1ms)[0m  SELECT "schema_migrations".* FROM "schema_migrations"
Migrating to CreateStudents (1)
  [1m[36m (0.1ms)[0m  [1mbegin transaction[0m
  [1m[35m (0.4ms)[0m  CREATE TABLE "students" ("id" INTEGER PRIMARY KEY AUTOINCREMENT NOT NULL, "first_name" varchar, "last_name" varchar, "created_at" datetime NOT NULL, "updated_at" datetime NOT NULL) 
  [1m[36mSQL (0.1ms)[0m  [1mINSERT INTO "schema_migrations" ("version") VALUES (?)[0m  [["version", "1"]]
  [1m[35m (0.8ms)[0m  commit transaction
  [1m[36mActiveRecord::SchemaMigration Load (0.1ms)[0m  [1mSELECT "schema_migrations".* FROM "schema_migrations"[0m
  [1m[36mActiveRecord::SchemaMigration Load (0.1ms)[0m  [1mSELECT "schema_migrations".* FROM "schema_migrations"[0m
  [1m[35mActiveRecord::SchemaMigration Load (0.1ms)[0m  SELECT "schema_migrations".* FROM "schema_migrations"
  [1m[36mActiveRecord::SchemaMigration Load (0.1ms)[0m  [1mSELECT "schema_migrations".* FROM "schema_migrations"[0m
  [1m[35mActiveRecord::SchemaMigration Load (0.1ms)[0m  SELECT "schema_migrations".* FROM "schema_migrations"


Started GET "/" for ::1 at 2016-07-05 17:20:59 -0400
  [1m[36mActiveRecord::SchemaMigration Load (0.1ms)[0m  [1mSELECT "schema_migrations".* FROM "schema_migrations"[0m
Processing by Rails::WelcomeController#index as HTML
  Rendered /Users/gust/.rvm/gems/ruby-2.0.0-p451/gems/railties-4.2.3/lib/rails/templates/rails/welcome/index.html.erb (0.6ms)
Completed 200 OK in 10ms (Views: 2.2ms | ActiveRecord: 0.0ms)


Started GET "/students" for ::1 at 2016-07-05 17:21:05 -0400
Processing by StudentsController#index as HTML
  [1m[35mStudent Load (0.1ms)[0m  SELECT "students".* FROM "students"
  Rendered students/index.html.erb within layouts/application (1.3ms)
Completed 200 OK in 562ms (Views: 560.1ms | ActiveRecord: 0.2ms)


Started GET "/assets/jquery.self-660adc51e0224b731d29f575a6f1ec167ba08ad06ed5deca4f1e8654c135bf4c.js?body=1" for ::1 at 2016-07-05 17:21:05 -0400


Started GET "/assets/jquery_ujs.self-e87806d0cf4489aeb1bb7288016024e8de67fd18db693fe026fe3907581e53cd.js?body=1" for ::1 at 2016-07-05 17:21:05 -0400


Started GET "/students/2" for ::1 at 2016-07-05 17:23:07 -0400
Processing by StudentsController#show as HTML
  Parameters: {"id"=>"2"}
Completed 404 Not Found in 2ms (ActiveRecord: 0.3ms)

ActiveRecord::RecordNotFound (Couldn't find Student without an ID):
  app/controllers/students_controller.rb:7:in `show'


  Rendered /Users/gust/.rvm/gems/ruby-2.0.0-p451/gems/actionpack-4.2.3/lib/action_dispatch/middleware/templates/rescues/_source.erb (5.7ms)
  Rendered /Users/gust/.rvm/gems/ruby-2.0.0-p451/gems/actionpack-4.2.3/lib/action_dispatch/middleware/templates/rescues/_trace.html.erb (2.1ms)
  Rendered /Users/gust/.rvm/gems/ruby-2.0.0-p451/gems/actionpack-4.2.3/lib/action_dispatch/middleware/templates/rescues/_request_and_response.html.erb (0.9ms)
  Rendered /Users/gust/.rvm/gems/ruby-2.0.0-p451/gems/actionpack-4.2.3/lib/action_dispatch/middleware/templates/rescues/diagnostics.html.erb within rescues/layout (23.7ms)
  Rendered /Users/gust/.rvm/gems/ruby-2.0.0-p451/gems/web-console-2.3.0/lib/web_console/templates/_markup.html.erb (0.3ms)
  Rendered /Users/gust/.rvm/gems/ruby-2.0.0-p451/gems/web-console-2.3.0/lib/web_console/templates/_inner_console_markup.html.erb within layouts/inlined_string (0.2ms)
  Rendered /Users/gust/.rvm/gems/ruby-2.0.0-p451/gems/web-console-2.3.0/lib/web_console/templates/_prompt_box_markup.html.erb within layouts/inlined_string (0.4ms)
  Rendered /Users/gust/.rvm/gems/ruby-2.0.0-p451/gems/web-console-2.3.0/lib/web_console/templates/style.css.erb within layouts/inlined_string (0.4ms)
  Rendered /Users/gust/.rvm/gems/ruby-2.0.0-p451/gems/web-console-2.3.0/lib/web_console/templates/console.js.erb within layouts/javascript (15.5ms)
  Rendered /Users/gust/.rvm/gems/ruby-2.0.0-p451/gems/web-console-2.3.0/lib/web_console/templates/main.js.erb within layouts/javascript (0.3ms)
  Rendered /Users/gust/.rvm/gems/ruby-2.0.0-p451/gems/web-console-2.3.0/lib/web_console/templates/error_page.js.erb within layouts/javascript (0.3ms)
  Rendered /Users/gust/.rvm/gems/ruby-2.0.0-p451/gems/web-console-2.3.0/lib/web_console/templates/index.html.erb (32.2ms)


Started GET "/students/2" for ::1 at 2016-07-05 17:23:19 -0400

SyntaxError (/Users/gust/.atom/code/labs/rails-dynamic-request-lab-web-0616/app/controllers/students_controller.rb:7: syntax error, unexpected ')', expecting ']'
    @student = Student([:id)]
                            ^):
  app/controllers/students_controller.rb:7: syntax error, unexpected ')', expecting ']'


  Rendered /Users/gust/.rvm/gems/ruby-2.0.0-p451/gems/actionpack-4.2.3/lib/action_dispatch/middleware/templates/rescues/_source.erb (2.9ms)
  Rendered /Users/gust/.rvm/gems/ruby-2.0.0-p451/gems/actionpack-4.2.3/lib/action_dispatch/middleware/templates/rescues/_trace.html.erb (2.2ms)
  Rendered /Users/gust/.rvm/gems/ruby-2.0.0-p451/gems/actionpack-4.2.3/lib/action_dispatch/middleware/templates/rescues/_request_and_response.html.erb (1.5ms)
  Rendered /Users/gust/.rvm/gems/ruby-2.0.0-p451/gems/actionpack-4.2.3/lib/action_dispatch/middleware/templates/rescues/diagnostics.html.erb within rescues/layout (16.7ms)
  Rendered /Users/gust/.rvm/gems/ruby-2.0.0-p451/gems/web-console-2.3.0/lib/web_console/templates/_markup.html.erb (0.3ms)
  Rendered /Users/gust/.rvm/gems/ruby-2.0.0-p451/gems/web-console-2.3.0/lib/web_console/templates/_inner_console_markup.html.erb within layouts/inlined_string (0.3ms)
  Rendered /Users/gust/.rvm/gems/ruby-2.0.0-p451/gems/web-console-2.3.0/lib/web_console/templates/_prompt_box_markup.html.erb within layouts/inlined_string (0.5ms)
  Rendered /Users/gust/.rvm/gems/ruby-2.0.0-p451/gems/web-console-2.3.0/lib/web_console/templates/style.css.erb within layouts/inlined_string (0.3ms)
  Rendered /Users/gust/.rvm/gems/ruby-2.0.0-p451/gems/web-console-2.3.0/lib/web_console/templates/console.js.erb within layouts/javascript (67.9ms)
  Rendered /Users/gust/.rvm/gems/ruby-2.0.0-p451/gems/web-console-2.3.0/lib/web_console/templates/main.js.erb within layouts/javascript (0.2ms)
  Rendered /Users/gust/.rvm/gems/ruby-2.0.0-p451/gems/web-console-2.3.0/lib/web_console/templates/error_page.js.erb within layouts/javascript (0.3ms)
  Rendered /Users/gust/.rvm/gems/ruby-2.0.0-p451/gems/web-console-2.3.0/lib/web_console/templates/index.html.erb (81.6ms)


Started GET "/students/2" for ::1 at 2016-07-05 17:23:32 -0400
Processing by StudentsController#show as HTML
  Parameters: {"id"=>"2"}
Completed 500 Internal Server Error in 4ms (ActiveRecord: 0.0ms)

NoMethodError (undefined method `Student' for #<StudentsController:0x00000109057df0>):
  app/controllers/students_controller.rb:7:in `show'


  Rendered /Users/gust/.rvm/gems/ruby-2.0.0-p451/gems/actionpack-4.2.3/lib/action_dispatch/middleware/templates/rescues/_source.erb (3.8ms)
  Rendered /Users/gust/.rvm/gems/ruby-2.0.0-p451/gems/actionpack-4.2.3/lib/action_dispatch/middleware/templates/rescues/_trace.html.erb (1.6ms)
  Rendered /Users/gust/.rvm/gems/ruby-2.0.0-p451/gems/actionpack-4.2.3/lib/action_dispatch/middleware/templates/rescues/_request_and_response.html.erb (0.7ms)
  Rendered /Users/gust/.rvm/gems/ruby-2.0.0-p451/gems/actionpack-4.2.3/lib/action_dispatch/middleware/templates/rescues/diagnostics.html.erb within rescues/layout (75.8ms)
  Rendered /Users/gust/.rvm/gems/ruby-2.0.0-p451/gems/web-console-2.3.0/lib/web_console/templates/_markup.html.erb (0.2ms)
  Rendered /Users/gust/.rvm/gems/ruby-2.0.0-p451/gems/web-console-2.3.0/lib/web_console/templates/_inner_console_markup.html.erb within layouts/inlined_string (0.2ms)
  Rendered /Users/gust/.rvm/gems/ruby-2.0.0-p451/gems/web-console-2.3.0/lib/web_console/templates/_prompt_box_markup.html.erb within layouts/inlined_string (0.2ms)
  Rendered /Users/gust/.rvm/gems/ruby-2.0.0-p451/gems/web-console-2.3.0/lib/web_console/templates/style.css.erb within layouts/inlined_string (0.2ms)
  Rendered /Users/gust/.rvm/gems/ruby-2.0.0-p451/gems/web-console-2.3.0/lib/web_console/templates/console.js.erb within layouts/javascript (11.8ms)
  Rendered /Users/gust/.rvm/gems/ruby-2.0.0-p451/gems/web-console-2.3.0/lib/web_console/templates/main.js.erb within layouts/javascript (0.2ms)
  Rendered /Users/gust/.rvm/gems/ruby-2.0.0-p451/gems/web-console-2.3.0/lib/web_console/templates/error_page.js.erb within layouts/javascript (0.2ms)
  Rendered /Users/gust/.rvm/gems/ruby-2.0.0-p451/gems/web-console-2.3.0/lib/web_console/templates/index.html.erb (24.3ms)


Started GET "/students/2" for ::1 at 2016-07-05 17:23:43 -0400
Processing by StudentsController#show as HTML
  Parameters: {"id"=>"2"}
  [1m[36mStudent Load (0.2ms)[0m  [1mSELECT  "students".* FROM "students" WHERE "students"."id" = ? LIMIT 1[0m  [["id", nil]]
Completed 404 Not Found in 11ms (ActiveRecord: 0.5ms)

ActiveRecord::RecordNotFound (Couldn't find Student with 'id'=id):
  app/controllers/students_controller.rb:7:in `show'


  Rendered /Users/gust/.rvm/gems/ruby-2.0.0-p451/gems/actionpack-4.2.3/lib/action_dispatch/middleware/templates/rescues/_source.erb (3.9ms)
  Rendered /Users/gust/.rvm/gems/ruby-2.0.0-p451/gems/actionpack-4.2.3/lib/action_dispatch/middleware/templates/rescues/_trace.html.erb (1.6ms)
  Rendered /Users/gust/.rvm/gems/ruby-2.0.0-p451/gems/actionpack-4.2.3/lib/action_dispatch/middleware/templates/rescues/_request_and_response.html.erb (0.7ms)
  Rendered /Users/gust/.rvm/gems/ruby-2.0.0-p451/gems/actionpack-4.2.3/lib/action_dispatch/middleware/templates/rescues/diagnostics.html.erb within rescues/layout (16.1ms)
  Rendered /Users/gust/.rvm/gems/ruby-2.0.0-p451/gems/web-console-2.3.0/lib/web_console/templates/_markup.html.erb (0.3ms)
  Rendered /Users/gust/.rvm/gems/ruby-2.0.0-p451/gems/web-console-2.3.0/lib/web_console/templates/_inner_console_markup.html.erb within layouts/inlined_string (0.2ms)
  Rendered /Users/gust/.rvm/gems/ruby-2.0.0-p451/gems/web-console-2.3.0/lib/web_console/templates/_prompt_box_markup.html.erb within layouts/inlined_string (0.2ms)
  Rendered /Users/gust/.rvm/gems/ruby-2.0.0-p451/gems/web-console-2.3.0/lib/web_console/templates/style.css.erb within layouts/inlined_string (0.3ms)
  Rendered /Users/gust/.rvm/gems/ruby-2.0.0-p451/gems/web-console-2.3.0/lib/web_console/templates/console.js.erb within layouts/javascript (11.6ms)
  Rendered /Users/gust/.rvm/gems/ruby-2.0.0-p451/gems/web-console-2.3.0/lib/web_console/templates/main.js.erb within layouts/javascript (0.3ms)
  Rendered /Users/gust/.rvm/gems/ruby-2.0.0-p451/gems/web-console-2.3.0/lib/web_console/templates/error_page.js.erb within layouts/javascript (0.3ms)
  Rendered /Users/gust/.rvm/gems/ruby-2.0.0-p451/gems/web-console-2.3.0/lib/web_console/templates/index.html.erb (26.3ms)


Started GET "/students/2" for ::1 at 2016-07-05 17:23:51 -0400
Processing by StudentsController#show as HTML
  Parameters: {"id"=>"2"}
Completed 500 Internal Server Error in 4ms (ActiveRecord: 0.0ms)

NameError (undefined local variable or method `id' for #<StudentsController:0x00000102467398>):
  app/controllers/students_controller.rb:7:in `show'


  Rendered /Users/gust/.rvm/gems/ruby-2.0.0-p451/gems/actionpack-4.2.3/lib/action_dispatch/middleware/templates/rescues/_source.erb (3.4ms)
  Rendered /Users/gust/.rvm/gems/ruby-2.0.0-p451/gems/actionpack-4.2.3/lib/action_dispatch/middleware/templates/rescues/_trace.html.erb (1.6ms)
  Rendered /Users/gust/.rvm/gems/ruby-2.0.0-p451/gems/actionpack-4.2.3/lib/action_dispatch/middleware/templates/rescues/_request_and_response.html.erb (0.7ms)
  Rendered /Users/gust/.rvm/gems/ruby-2.0.0-p451/gems/actionpack-4.2.3/lib/action_dispatch/middleware/templates/rescues/diagnostics.html.erb within rescues/layout (17.2ms)
  Rendered /Users/gust/.rvm/gems/ruby-2.0.0-p451/gems/web-console-2.3.0/lib/web_console/templates/_markup.html.erb (0.2ms)
  Rendered /Users/gust/.rvm/gems/ruby-2.0.0-p451/gems/web-console-2.3.0/lib/web_console/templates/_inner_console_markup.html.erb within layouts/inlined_string (0.2ms)
  Rendered /Users/gust/.rvm/gems/ruby-2.0.0-p451/gems/web-console-2.3.0/lib/web_console/templates/_prompt_box_markup.html.erb within layouts/inlined_string (0.2ms)
  Rendered /Users/gust/.rvm/gems/ruby-2.0.0-p451/gems/web-console-2.3.0/lib/web_console/templates/style.css.erb within layouts/inlined_string (0.2ms)
  Rendered /Users/gust/.rvm/gems/ruby-2.0.0-p451/gems/web-console-2.3.0/lib/web_console/templates/console.js.erb within layouts/javascript (11.7ms)
  Rendered /Users/gust/.rvm/gems/ruby-2.0.0-p451/gems/web-console-2.3.0/lib/web_console/templates/main.js.erb within layouts/javascript (0.2ms)
  Rendered /Users/gust/.rvm/gems/ruby-2.0.0-p451/gems/web-console-2.3.0/lib/web_console/templates/error_page.js.erb within layouts/javascript (0.2ms)
  Rendered /Users/gust/.rvm/gems/ruby-2.0.0-p451/gems/web-console-2.3.0/lib/web_console/templates/index.html.erb (24.1ms)


Started GET "/students" for ::1 at 2016-07-05 17:23:55 -0400
Processing by StudentsController#index as HTML
  [1m[35mStudent Load (0.2ms)[0m  SELECT "students".* FROM "students"
  Rendered students/index.html.erb within layouts/application (1.1ms)
Completed 200 OK in 12ms (Views: 9.3ms | ActiveRecord: 0.3ms)


Started GET "/assets/jquery.self-660adc51e0224b731d29f575a6f1ec167ba08ad06ed5deca4f1e8654c135bf4c.js?body=1" for ::1 at 2016-07-05 17:23:55 -0400


Started GET "/assets/application.self-e80e8f2318043e8af94dddc2adad5a4f09739a8ebb323b3ab31cd71d45fd9113.css?body=1" for ::1 at 2016-07-05 17:23:55 -0400


Started GET "/assets/jquery_ujs.self-e87806d0cf4489aeb1bb7288016024e8de67fd18db693fe026fe3907581e53cd.js?body=1" for ::1 at 2016-07-05 17:23:55 -0400


Started GET "/assets/turbolinks.self-c37727e9bd6b2735da5c311aa83fead54ed0be6cc8bd9a65309e9c5abe2cbfff.js?body=1" for ::1 at 2016-07-05 17:23:55 -0400


Started GET "/assets/application.self-3b8dabdc891efe46b9a144b400ad69e37d7e5876bdc39dee783419a69d7ca819.js?body=1" for ::1 at 2016-07-05 17:23:55 -0400


Started GET "/students/2" for ::1 at 2016-07-05 17:24:01 -0400
Processing by StudentsController#show as HTML
  Parameters: {"id"=>"2"}
  [1m[36mStudent Load (0.1ms)[0m  [1mSELECT  "students".* FROM "students" WHERE "students"."id" = ? LIMIT 1[0m  [["id", nil]]
Completed 404 Not Found in 3ms (ActiveRecord: 0.4ms)

ActiveRecord::RecordNotFound (Couldn't find Student with 'id'=id):
  app/controllers/students_controller.rb:7:in `show'


  Rendered /Users/gust/.rvm/gems/ruby-2.0.0-p451/gems/actionpack-4.2.3/lib/action_dispatch/middleware/templates/rescues/_source.erb (3.5ms)
  Rendered /Users/gust/.rvm/gems/ruby-2.0.0-p451/gems/actionpack-4.2.3/lib/action_dispatch/middleware/templates/rescues/_trace.html.erb (2.0ms)
  Rendered /Users/gust/.rvm/gems/ruby-2.0.0-p451/gems/actionpack-4.2.3/lib/action_dispatch/middleware/templates/rescues/_request_and_response.html.erb (0.8ms)
  Rendered /Users/gust/.rvm/gems/ruby-2.0.0-p451/gems/actionpack-4.2.3/lib/action_dispatch/middleware/templates/rescues/diagnostics.html.erb within rescues/layout (16.0ms)
  Rendered /Users/gust/.rvm/gems/ruby-2.0.0-p451/gems/web-console-2.3.0/lib/web_console/templates/_markup.html.erb (0.4ms)
  Rendered /Users/gust/.rvm/gems/ruby-2.0.0-p451/gems/web-console-2.3.0/lib/web_console/templates/_inner_console_markup.html.erb within layouts/inlined_string (0.3ms)
  Rendered /Users/gust/.rvm/gems/ruby-2.0.0-p451/gems/web-console-2.3.0/lib/web_console/templates/_prompt_box_markup.html.erb within layouts/inlined_string (0.2ms)
  Rendered /Users/gust/.rvm/gems/ruby-2.0.0-p451/gems/web-console-2.3.0/lib/web_console/templates/style.css.erb within layouts/inlined_string (0.3ms)
  Rendered /Users/gust/.rvm/gems/ruby-2.0.0-p451/gems/web-console-2.3.0/lib/web_console/templates/console.js.erb within layouts/javascript (67.1ms)
  Rendered /Users/gust/.rvm/gems/ruby-2.0.0-p451/gems/web-console-2.3.0/lib/web_console/templates/main.js.erb within layouts/javascript (0.2ms)
  Rendered /Users/gust/.rvm/gems/ruby-2.0.0-p451/gems/web-console-2.3.0/lib/web_console/templates/error_page.js.erb within layouts/javascript (0.3ms)
  Rendered /Users/gust/.rvm/gems/ruby-2.0.0-p451/gems/web-console-2.3.0/lib/web_console/templates/index.html.erb (81.0ms)


Started GET "/students/2" for ::1 at 2016-07-05 17:24:14 -0400
Processing by StudentsController#show as HTML
  Parameters: {"id"=>"2"}
Completed 500 Internal Server Error in 3ms (ActiveRecord: 0.0ms)

NoMethodError (undefined method `[]' for #<Class:0x000001072ee0c0>):
  app/controllers/students_controller.rb:7:in `show'


  Rendered /Users/gust/.rvm/gems/ruby-2.0.0-p451/gems/actionpack-4.2.3/lib/action_dispatch/middleware/templates/rescues/_source.erb (4.5ms)
  Rendered /Users/gust/.rvm/gems/ruby-2.0.0-p451/gems/actionpack-4.2.3/lib/action_dispatch/middleware/templates/rescues/_trace.html.erb (2.7ms)
  Rendered /Users/gust/.rvm/gems/ruby-2.0.0-p451/gems/actionpack-4.2.3/lib/action_dispatch/middleware/templates/rescues/_request_and_response.html.erb (0.7ms)
  Rendered /Users/gust/.rvm/gems/ruby-2.0.0-p451/gems/actionpack-4.2.3/lib/action_dispatch/middleware/templates/rescues/diagnostics.html.erb within rescues/layout (18.8ms)
  Rendered /Users/gust/.rvm/gems/ruby-2.0.0-p451/gems/web-console-2.3.0/lib/web_console/templates/_markup.html.erb (0.3ms)
  Rendered /Users/gust/.rvm/gems/ruby-2.0.0-p451/gems/web-console-2.3.0/lib/web_console/templates/_inner_console_markup.html.erb within layouts/inlined_string (0.3ms)
  Rendered /Users/gust/.rvm/gems/ruby-2.0.0-p451/gems/web-console-2.3.0/lib/web_console/templates/_prompt_box_markup.html.erb within layouts/inlined_string (0.2ms)
  Rendered /Users/gust/.rvm/gems/ruby-2.0.0-p451/gems/web-console-2.3.0/lib/web_console/templates/style.css.erb within layouts/inlined_string (0.2ms)
  Rendered /Users/gust/.rvm/gems/ruby-2.0.0-p451/gems/web-console-2.3.0/lib/web_console/templates/console.js.erb within layouts/javascript (79.0ms)
  Rendered /Users/gust/.rvm/gems/ruby-2.0.0-p451/gems/web-console-2.3.0/lib/web_console/templates/main.js.erb within layouts/javascript (0.2ms)
  Rendered /Users/gust/.rvm/gems/ruby-2.0.0-p451/gems/web-console-2.3.0/lib/web_console/templates/error_page.js.erb within layouts/javascript (0.4ms)
  Rendered /Users/gust/.rvm/gems/ruby-2.0.0-p451/gems/web-console-2.3.0/lib/web_console/templates/index.html.erb (94.5ms)


Started GET "/students/2" for ::1 at 2016-07-05 17:24:29 -0400
Processing by StudentsController#show as HTML
  Parameters: {"id"=>"2"}
Completed 500 Internal Server Error in 3ms (ActiveRecord: 0.0ms)

NoMethodError (undefined method `Student' for #<StudentsController:0x000001072df6d8>):
  app/controllers/students_controller.rb:7:in `show'


  Rendered /Users/gust/.rvm/gems/ruby-2.0.0-p451/gems/actionpack-4.2.3/lib/action_dispatch/middleware/templates/rescues/_source.erb (4.0ms)
  Rendered /Users/gust/.rvm/gems/ruby-2.0.0-p451/gems/actionpack-4.2.3/lib/action_dispatch/middleware/templates/rescues/_trace.html.erb (1.7ms)
  Rendered /Users/gust/.rvm/gems/ruby-2.0.0-p451/gems/actionpack-4.2.3/lib/action_dispatch/middleware/templates/rescues/_request_and_response.html.erb (0.9ms)
  Rendered /Users/gust/.rvm/gems/ruby-2.0.0-p451/gems/actionpack-4.2.3/lib/action_dispatch/middleware/templates/rescues/diagnostics.html.erb within rescues/layout (74.5ms)
  Rendered /Users/gust/.rvm/gems/ruby-2.0.0-p451/gems/web-console-2.3.0/lib/web_console/templates/_markup.html.erb (0.3ms)
  Rendered /Users/gust/.rvm/gems/ruby-2.0.0-p451/gems/web-console-2.3.0/lib/web_console/templates/_inner_console_markup.html.erb within layouts/inlined_string (0.4ms)
  Rendered /Users/gust/.rvm/gems/ruby-2.0.0-p451/gems/web-console-2.3.0/lib/web_console/templates/_prompt_box_markup.html.erb within layouts/inlined_string (0.3ms)
  Rendered /Users/gust/.rvm/gems/ruby-2.0.0-p451/gems/web-console-2.3.0/lib/web_console/templates/style.css.erb within layouts/inlined_string (0.2ms)
  Rendered /Users/gust/.rvm/gems/ruby-2.0.0-p451/gems/web-console-2.3.0/lib/web_console/templates/console.js.erb within layouts/javascript (15.8ms)
  Rendered /Users/gust/.rvm/gems/ruby-2.0.0-p451/gems/web-console-2.3.0/lib/web_console/templates/main.js.erb within layouts/javascript (0.2ms)
  Rendered /Users/gust/.rvm/gems/ruby-2.0.0-p451/gems/web-console-2.3.0/lib/web_console/templates/error_page.js.erb within layouts/javascript (0.3ms)
  Rendered /Users/gust/.rvm/gems/ruby-2.0.0-p451/gems/web-console-2.3.0/lib/web_console/templates/index.html.erb (29.4ms)


Started GET "/students/2" for ::1 at 2016-07-05 17:24:41 -0400
Processing by StudentsController#show as HTML
  Parameters: {"id"=>"2"}
  [1m[35mStudent Load (0.2ms)[0m  SELECT  "students".* FROM "students" WHERE "students"."id" = ? LIMIT 1  [["id", 2]]
Completed 404 Not Found in 6ms (ActiveRecord: 0.6ms)

ActiveRecord::RecordNotFound (Couldn't find Student with 'id'=2):
  app/controllers/students_controller.rb:7:in `show'


  Rendered /Users/gust/.rvm/gems/ruby-2.0.0-p451/gems/actionpack-4.2.3/lib/action_dispatch/middleware/templates/rescues/_source.erb (3.7ms)
  Rendered /Users/gust/.rvm/gems/ruby-2.0.0-p451/gems/actionpack-4.2.3/lib/action_dispatch/middleware/templates/rescues/_trace.html.erb (1.6ms)
  Rendered /Users/gust/.rvm/gems/ruby-2.0.0-p451/gems/actionpack-4.2.3/lib/action_dispatch/middleware/templates/rescues/_request_and_response.html.erb (0.6ms)
  Rendered /Users/gust/.rvm/gems/ruby-2.0.0-p451/gems/actionpack-4.2.3/lib/action_dispatch/middleware/templates/rescues/diagnostics.html.erb within rescues/layout (15.4ms)
  Rendered /Users/gust/.rvm/gems/ruby-2.0.0-p451/gems/web-console-2.3.0/lib/web_console/templates/_markup.html.erb (0.2ms)
  Rendered /Users/gust/.rvm/gems/ruby-2.0.0-p451/gems/web-console-2.3.0/lib/web_console/templates/_inner_console_markup.html.erb within layouts/inlined_string (0.2ms)
  Rendered /Users/gust/.rvm/gems/ruby-2.0.0-p451/gems/web-console-2.3.0/lib/web_console/templates/_prompt_box_markup.html.erb within layouts/inlined_string (0.2ms)
  Rendered /Users/gust/.rvm/gems/ruby-2.0.0-p451/gems/web-console-2.3.0/lib/web_console/templates/style.css.erb within layouts/inlined_string (0.2ms)
  Rendered /Users/gust/.rvm/gems/ruby-2.0.0-p451/gems/web-console-2.3.0/lib/web_console/templates/console.js.erb within layouts/javascript (11.5ms)
  Rendered /Users/gust/.rvm/gems/ruby-2.0.0-p451/gems/web-console-2.3.0/lib/web_console/templates/main.js.erb within layouts/javascript (0.2ms)
  Rendered /Users/gust/.rvm/gems/ruby-2.0.0-p451/gems/web-console-2.3.0/lib/web_console/templates/error_page.js.erb within layouts/javascript (0.3ms)
  Rendered /Users/gust/.rvm/gems/ruby-2.0.0-p451/gems/web-console-2.3.0/lib/web_console/templates/index.html.erb (24.4ms)


Started GET "/students/1" for ::1 at 2016-07-05 17:24:45 -0400
Processing by StudentsController#show as HTML
  Parameters: {"id"=>"1"}
  [1m[36mStudent Load (0.1ms)[0m  [1mSELECT  "students".* FROM "students" WHERE "students"."id" = ? LIMIT 1[0m  [["id", 1]]
Completed 404 Not Found in 1ms (ActiveRecord: 0.1ms)

ActiveRecord::RecordNotFound (Couldn't find Student with 'id'=1):
  app/controllers/students_controller.rb:7:in `show'


  Rendered /Users/gust/.rvm/gems/ruby-2.0.0-p451/gems/actionpack-4.2.3/lib/action_dispatch/middleware/templates/rescues/_source.erb (3.3ms)
  Rendered /Users/gust/.rvm/gems/ruby-2.0.0-p451/gems/actionpack-4.2.3/lib/action_dispatch/middleware/templates/rescues/_trace.html.erb (2.3ms)
  Rendered /Users/gust/.rvm/gems/ruby-2.0.0-p451/gems/actionpack-4.2.3/lib/action_dispatch/middleware/templates/rescues/_request_and_response.html.erb (0.7ms)
  Rendered /Users/gust/.rvm/gems/ruby-2.0.0-p451/gems/actionpack-4.2.3/lib/action_dispatch/middleware/templates/rescues/diagnostics.html.erb within rescues/layout (17.2ms)
  Rendered /Users/gust/.rvm/gems/ruby-2.0.0-p451/gems/web-console-2.3.0/lib/web_console/templates/_markup.html.erb (0.3ms)
  Rendered /Users/gust/.rvm/gems/ruby-2.0.0-p451/gems/web-console-2.3.0/lib/web_console/templates/_inner_console_markup.html.erb within layouts/inlined_string (0.4ms)
  Rendered /Users/gust/.rvm/gems/ruby-2.0.0-p451/gems/web-console-2.3.0/lib/web_console/templates/_prompt_box_markup.html.erb within layouts/inlined_string (0.2ms)
  Rendered /Users/gust/.rvm/gems/ruby-2.0.0-p451/gems/web-console-2.3.0/lib/web_console/templates/style.css.erb within layouts/inlined_string (0.2ms)
  Rendered /Users/gust/.rvm/gems/ruby-2.0.0-p451/gems/web-console-2.3.0/lib/web_console/templates/console.js.erb within layouts/javascript (68.3ms)
  Rendered /Users/gust/.rvm/gems/ruby-2.0.0-p451/gems/web-console-2.3.0/lib/web_console/templates/main.js.erb within layouts/javascript (0.2ms)
  Rendered /Users/gust/.rvm/gems/ruby-2.0.0-p451/gems/web-console-2.3.0/lib/web_console/templates/error_page.js.erb within layouts/javascript (0.3ms)
  Rendered /Users/gust/.rvm/gems/ruby-2.0.0-p451/gems/web-console-2.3.0/lib/web_console/templates/index.html.erb (81.1ms)


Started GET "/students/1" for ::1 at 2016-07-05 17:25:09 -0400
Processing by StudentsController#show as HTML
  Parameters: {"id"=>"1"}
Completed 500 Internal Server Error in 3ms (ActiveRecord: 0.0ms)

NoMethodError (undefined method `id' for #<Class:0x0000010731da50>):
  app/controllers/students_controller.rb:7:in `show'


  Rendered /Users/gust/.rvm/gems/ruby-2.0.0-p451/gems/actionpack-4.2.3/lib/action_dispatch/middleware/templates/rescues/_source.erb (4.6ms)
  Rendered /Users/gust/.rvm/gems/ruby-2.0.0-p451/gems/actionpack-4.2.3/lib/action_dispatch/middleware/templates/rescues/_trace.html.erb (1.5ms)
  Rendered /Users/gust/.rvm/gems/ruby-2.0.0-p451/gems/actionpack-4.2.3/lib/action_dispatch/middleware/templates/rescues/_request_and_response.html.erb (0.7ms)
  Rendered /Users/gust/.rvm/gems/ruby-2.0.0-p451/gems/actionpack-4.2.3/lib/action_dispatch/middleware/templates/rescues/diagnostics.html.erb within rescues/layout (16.8ms)
  Rendered /Users/gust/.rvm/gems/ruby-2.0.0-p451/gems/web-console-2.3.0/lib/web_console/templates/_markup.html.erb (0.3ms)
  Rendered /Users/gust/.rvm/gems/ruby-2.0.0-p451/gems/web-console-2.3.0/lib/web_console/templates/_inner_console_markup.html.erb within layouts/inlined_string (0.3ms)
  Rendered /Users/gust/.rvm/gems/ruby-2.0.0-p451/gems/web-console-2.3.0/lib/web_console/templates/_prompt_box_markup.html.erb within layouts/inlined_string (0.2ms)
  Rendered /Users/gust/.rvm/gems/ruby-2.0.0-p451/gems/web-console-2.3.0/lib/web_console/templates/style.css.erb within layouts/inlined_string (0.5ms)
  Rendered /Users/gust/.rvm/gems/ruby-2.0.0-p451/gems/web-console-2.3.0/lib/web_console/templates/console.js.erb within layouts/javascript (69.5ms)
  Rendered /Users/gust/.rvm/gems/ruby-2.0.0-p451/gems/web-console-2.3.0/lib/web_console/templates/main.js.erb within layouts/javascript (0.2ms)
  Rendered /Users/gust/.rvm/gems/ruby-2.0.0-p451/gems/web-console-2.3.0/lib/web_console/templates/error_page.js.erb within layouts/javascript (0.3ms)
  Rendered /Users/gust/.rvm/gems/ruby-2.0.0-p451/gems/web-console-2.3.0/lib/web_console/templates/index.html.erb (83.7ms)


Started GET "/students/1" for ::1 at 2016-07-05 17:27:27 -0400

ActionController::RoutingError (uninitialized constant Students):
  activesupport (4.2.3) lib/active_support/inflector/methods.rb:261:in `const_get'
  activesupport (4.2.3) lib/active_support/inflector/methods.rb:261:in `block in constantize'
  activesupport (4.2.3) lib/active_support/inflector/methods.rb:259:in `each'
  activesupport (4.2.3) lib/active_support/inflector/methods.rb:259:in `inject'
  activesupport (4.2.3) lib/active_support/inflector/methods.rb:259:in `constantize'
  actionpack (4.2.3) lib/action_dispatch/routing/route_set.rb:72:in `controller_reference'
  actionpack (4.2.3) lib/action_dispatch/routing/route_set.rb:62:in `controller'
  actionpack (4.2.3) lib/action_dispatch/routing/route_set.rb:41:in `serve'
  actionpack (4.2.3) lib/action_dispatch/journey/router.rb:43:in `block in serve'
  actionpack (4.2.3) lib/action_dispatch/journey/router.rb:30:in `each'
  actionpack (4.2.3) lib/action_dispatch/journey/router.rb:30:in `serve'
  actionpack (4.2.3) lib/action_dispatch/routing/route_set.rb:821:in `call'
  rack (1.6.4) lib/rack/etag.rb:24:in `call'
  rack (1.6.4) lib/rack/conditionalget.rb:25:in `call'
  rack (1.6.4) lib/rack/head.rb:13:in `call'
  actionpack (4.2.3) lib/action_dispatch/middleware/params_parser.rb:27:in `call'
  actionpack (4.2.3) lib/action_dispatch/middleware/flash.rb:260:in `call'
  rack (1.6.4) lib/rack/session/abstract/id.rb:225:in `context'
  rack (1.6.4) lib/rack/session/abstract/id.rb:220:in `call'
  actionpack (4.2.3) lib/action_dispatch/middleware/cookies.rb:560:in `call'
  activerecord (4.2.3) lib/active_record/query_cache.rb:36:in `call'
  activerecord (4.2.3) lib/active_record/connection_adapters/abstract/connection_pool.rb:653:in `call'
  activerecord (4.2.3) lib/active_record/migration.rb:377:in `call'
  actionpack (4.2.3) lib/action_dispatch/middleware/callbacks.rb:29:in `block in call'
  activesupport (4.2.3) lib/active_support/callbacks.rb:84:in `run_callbacks'
  actionpack (4.2.3) lib/action_dispatch/middleware/callbacks.rb:27:in `call'
  actionpack (4.2.3) lib/action_dispatch/middleware/reloader.rb:73:in `call'
  actionpack (4.2.3) lib/action_dispatch/middleware/remote_ip.rb:78:in `call'
  actionpack (4.2.3) lib/action_dispatch/middleware/debug_exceptions.rb:17:in `call'
  web-console (2.3.0) lib/web_console/middleware.rb:28:in `block in call'
  web-console (2.3.0) lib/web_console/middleware.rb:18:in `catch'
  web-console (2.3.0) lib/web_console/middleware.rb:18:in `call'
  actionpack (4.2.3) lib/action_dispatch/middleware/show_exceptions.rb:30:in `call'
  railties (4.2.3) lib/rails/rack/logger.rb:38:in `call_app'
  railties (4.2.3) lib/rails/rack/logger.rb:20:in `block in call'
  activesupport (4.2.3) lib/active_support/tagged_logging.rb:68:in `block in tagged'
  activesupport (4.2.3) lib/active_support/tagged_logging.rb:26:in `tagged'
  activesupport (4.2.3) lib/active_support/tagged_logging.rb:68:in `tagged'
  railties (4.2.3) lib/rails/rack/logger.rb:20:in `call'
  actionpack (4.2.3) lib/action_dispatch/middleware/request_id.rb:21:in `call'
  rack (1.6.4) lib/rack/methodoverride.rb:22:in `call'
  rack (1.6.4) lib/rack/runtime.rb:18:in `call'
  activesupport (4.2.3) lib/active_support/cache/strategy/local_cache_middleware.rb:28:in `call'
  rack (1.6.4) lib/rack/lock.rb:17:in `call'
  actionpack (4.2.3) lib/action_dispatch/middleware/static.rb:116:in `call'
  rack (1.6.4) lib/rack/sendfile.rb:113:in `call'
  railties (4.2.3) lib/rails/engine.rb:518:in `call'
  railties (4.2.3) lib/rails/application.rb:165:in `call'
  rack (1.6.4) lib/rack/lock.rb:17:in `call'
  rack (1.6.4) lib/rack/content_length.rb:15:in `call'
  rack (1.6.4) lib/rack/handler/webrick.rb:88:in `service'
  /Users/gust/.rvm/rubies/ruby-2.0.0-p451/lib/ruby/2.0.0/webrick/httpserver.rb:138:in `service'
  /Users/gust/.rvm/rubies/ruby-2.0.0-p451/lib/ruby/2.0.0/webrick/httpserver.rb:94:in `run'
  /Users/gust/.rvm/rubies/ruby-2.0.0-p451/lib/ruby/2.0.0/webrick/server.rb:295:in `block in start_thread'


  Rendered /Users/gust/.rvm/gems/ruby-2.0.0-p451/gems/actionpack-4.2.3/lib/action_dispatch/middleware/templates/rescues/_trace.html.erb (1.4ms)
  Rendered /Users/gust/.rvm/gems/ruby-2.0.0-p451/gems/actionpack-4.2.3/lib/action_dispatch/middleware/templates/routes/_route.html.erb (0.6ms)
  Rendered /Users/gust/.rvm/gems/ruby-2.0.0-p451/gems/actionpack-4.2.3/lib/action_dispatch/middleware/templates/routes/_table.html.erb (7.2ms)
  Rendered /Users/gust/.rvm/gems/ruby-2.0.0-p451/gems/actionpack-4.2.3/lib/action_dispatch/middleware/templates/rescues/_request_and_response.html.erb (1.1ms)
  Rendered /Users/gust/.rvm/gems/ruby-2.0.0-p451/gems/actionpack-4.2.3/lib/action_dispatch/middleware/templates/rescues/routing_error.html.erb within rescues/layout (27.5ms)
  Rendered /Users/gust/.rvm/gems/ruby-2.0.0-p451/gems/web-console-2.3.0/lib/web_console/templates/_markup.html.erb (0.3ms)
  Rendered /Users/gust/.rvm/gems/ruby-2.0.0-p451/gems/web-console-2.3.0/lib/web_console/templates/_inner_console_markup.html.erb within layouts/inlined_string (0.2ms)
  Rendered /Users/gust/.rvm/gems/ruby-2.0.0-p451/gems/web-console-2.3.0/lib/web_console/templates/_prompt_box_markup.html.erb within layouts/inlined_string (0.2ms)
  Rendered /Users/gust/.rvm/gems/ruby-2.0.0-p451/gems/web-console-2.3.0/lib/web_console/templates/style.css.erb within layouts/inlined_string (0.3ms)
  Rendered /Users/gust/.rvm/gems/ruby-2.0.0-p451/gems/web-console-2.3.0/lib/web_console/templates/console.js.erb within layouts/javascript (12.6ms)
  Rendered /Users/gust/.rvm/gems/ruby-2.0.0-p451/gems/web-console-2.3.0/lib/web_console/templates/main.js.erb within layouts/javascript (0.3ms)
  Rendered /Users/gust/.rvm/gems/ruby-2.0.0-p451/gems/web-console-2.3.0/lib/web_console/templates/error_page.js.erb within layouts/javascript (0.3ms)
  Rendered /Users/gust/.rvm/gems/ruby-2.0.0-p451/gems/web-console-2.3.0/lib/web_console/templates/index.html.erb (26.8ms)


Started GET "/students/1" for ::1 at 2016-07-05 17:27:55 -0400
Processing by StudentsController#show as HTML
  Parameters: {"id"=>"1"}
  [1m[35mStudent Load (0.1ms)[0m  SELECT  "students".* FROM "students" WHERE "students"."id" = ? LIMIT 1  [["id", 1]]
Completed 404 Not Found in 4ms (ActiveRecord: 0.4ms)

ActiveRecord::RecordNotFound (Couldn't find Student with 'id'=1):
  app/controllers/students_controller.rb:7:in `show'


  Rendered /Users/gust/.rvm/gems/ruby-2.0.0-p451/gems/actionpack-4.2.3/lib/action_dispatch/middleware/templates/rescues/_source.erb (5.6ms)
  Rendered /Users/gust/.rvm/gems/ruby-2.0.0-p451/gems/actionpack-4.2.3/lib/action_dispatch/middleware/templates/rescues/_trace.html.erb (1.5ms)
  Rendered /Users/gust/.rvm/gems/ruby-2.0.0-p451/gems/actionpack-4.2.3/lib/action_dispatch/middleware/templates/rescues/_request_and_response.html.erb (0.6ms)
  Rendered /Users/gust/.rvm/gems/ruby-2.0.0-p451/gems/actionpack-4.2.3/lib/action_dispatch/middleware/templates/rescues/diagnostics.html.erb within rescues/layout (17.7ms)
  Rendered /Users/gust/.rvm/gems/ruby-2.0.0-p451/gems/web-console-2.3.0/lib/web_console/templates/_markup.html.erb (0.2ms)
  Rendered /Users/gust/.rvm/gems/ruby-2.0.0-p451/gems/web-console-2.3.0/lib/web_console/templates/_inner_console_markup.html.erb within layouts/inlined_string (0.2ms)
  Rendered /Users/gust/.rvm/gems/ruby-2.0.0-p451/gems/web-console-2.3.0/lib/web_console/templates/_prompt_box_markup.html.erb within layouts/inlined_string (0.2ms)
  Rendered /Users/gust/.rvm/gems/ruby-2.0.0-p451/gems/web-console-2.3.0/lib/web_console/templates/style.css.erb within layouts/inlined_string (0.2ms)
  Rendered /Users/gust/.rvm/gems/ruby-2.0.0-p451/gems/web-console-2.3.0/lib/web_console/templates/console.js.erb within layouts/javascript (11.3ms)
  Rendered /Users/gust/.rvm/gems/ruby-2.0.0-p451/gems/web-console-2.3.0/lib/web_console/templates/main.js.erb within layouts/javascript (0.2ms)
  Rendered /Users/gust/.rvm/gems/ruby-2.0.0-p451/gems/web-console-2.3.0/lib/web_console/templates/error_page.js.erb within layouts/javascript (0.2ms)
  Rendered /Users/gust/.rvm/gems/ruby-2.0.0-p451/gems/web-console-2.3.0/lib/web_console/templates/index.html.erb (23.8ms)


Started GET "/students" for ::1 at 2016-07-05 17:28:02 -0400
Processing by StudentsController#index as HTML
  [1m[36mStudent Load (0.1ms)[0m  [1mSELECT "students".* FROM "students"[0m
  Rendered students/index.html.erb within layouts/application (0.5ms)
Completed 200 OK in 10ms (Views: 9.4ms | ActiveRecord: 0.1ms)
  [1m[36mActiveRecord::SchemaMigration Load (0.1ms)[0m  [1mSELECT "schema_migrations".* FROM "schema_migrations"[0m


Started GET "/students" for ::1 at 2016-07-05 17:28:21 -0400
Processing by StudentsController#index as HTML
  [1m[35mStudent Load (0.1ms)[0m  SELECT "students".* FROM "students"
  Rendered students/index.html.erb within layouts/application (0.4ms)
Completed 200 OK in 9ms (Views: 8.1ms | ActiveRecord: 0.1ms)


Started GET "/assets/application.self-e80e8f2318043e8af94dddc2adad5a4f09739a8ebb323b3ab31cd71d45fd9113.css?body=1" for ::1 at 2016-07-05 17:28:21 -0400


Started GET "/assets/jquery.self-660adc51e0224b731d29f575a6f1ec167ba08ad06ed5deca4f1e8654c135bf4c.js?body=1" for ::1 at 2016-07-05 17:28:21 -0400


Started GET "/assets/turbolinks.self-c37727e9bd6b2735da5c311aa83fead54ed0be6cc8bd9a65309e9c5abe2cbfff.js?body=1" for ::1 at 2016-07-05 17:28:21 -0400


Started GET "/assets/jquery_ujs.self-e87806d0cf4489aeb1bb7288016024e8de67fd18db693fe026fe3907581e53cd.js?body=1" for ::1 at 2016-07-05 17:28:21 -0400


Started GET "/assets/application.self-3b8dabdc891efe46b9a144b400ad69e37d7e5876bdc39dee783419a69d7ca819.js?body=1" for ::1 at 2016-07-05 17:28:21 -0400


Started GET "/students" for ::1 at 2016-07-05 17:28:22 -0400
Processing by StudentsController#index as HTML
  [1m[36mStudent Load (0.1ms)[0m  [1mSELECT "students".* FROM "students"[0m
  Rendered students/index.html.erb within layouts/application (0.5ms)
Completed 200 OK in 10ms (Views: 8.9ms | ActiveRecord: 0.1ms)


Started GET "/assets/application.self-e80e8f2318043e8af94dddc2adad5a4f09739a8ebb323b3ab31cd71d45fd9113.css?body=1" for ::1 at 2016-07-05 17:28:22 -0400


Started GET "/assets/jquery.self-660adc51e0224b731d29f575a6f1ec167ba08ad06ed5deca4f1e8654c135bf4c.js?body=1" for ::1 at 2016-07-05 17:28:22 -0400


Started GET "/assets/jquery_ujs.self-e87806d0cf4489aeb1bb7288016024e8de67fd18db693fe026fe3907581e53cd.js?body=1" for ::1 at 2016-07-05 17:28:22 -0400


Started GET "/assets/application.self-3b8dabdc891efe46b9a144b400ad69e37d7e5876bdc39dee783419a69d7ca819.js?body=1" for ::1 at 2016-07-05 17:28:22 -0400


Started GET "/assets/turbolinks.self-c37727e9bd6b2735da5c311aa83fead54ed0be6cc8bd9a65309e9c5abe2cbfff.js?body=1" for ::1 at 2016-07-05 17:28:22 -0400


Started GET "/students" for ::1 at 2016-07-05 17:28:27 -0400
Processing by StudentsController#index as HTML
  [1m[35mStudent Load (0.1ms)[0m  SELECT "students".* FROM "students"
  Rendered students/index.html.erb within layouts/application (0.4ms)
Completed 200 OK in 10ms (Views: 9.5ms | ActiveRecord: 0.1ms)


Started GET "/assets/application.self-e80e8f2318043e8af94dddc2adad5a4f09739a8ebb323b3ab31cd71d45fd9113.css?body=1" for ::1 at 2016-07-05 17:28:27 -0400


Started GET "/assets/jquery_ujs.self-e87806d0cf4489aeb1bb7288016024e8de67fd18db693fe026fe3907581e53cd.js?body=1" for ::1 at 2016-07-05 17:28:27 -0400


Started GET "/assets/application.self-3b8dabdc891efe46b9a144b400ad69e37d7e5876bdc39dee783419a69d7ca819.js?body=1" for ::1 at 2016-07-05 17:28:27 -0400


Started GET "/assets/turbolinks.self-c37727e9bd6b2735da5c311aa83fead54ed0be6cc8bd9a65309e9c5abe2cbfff.js?body=1" for ::1 at 2016-07-05 17:28:27 -0400


Started GET "/assets/jquery.self-660adc51e0224b731d29f575a6f1ec167ba08ad06ed5deca4f1e8654c135bf4c.js?body=1" for ::1 at 2016-07-05 17:28:27 -0400


Started GET "/students" for ::1 at 2016-07-05 17:28:27 -0400
Processing by StudentsController#index as HTML
  [1m[36mStudent Load (0.1ms)[0m  [1mSELECT "students".* FROM "students"[0m
  Rendered students/index.html.erb within layouts/application (0.4ms)
Completed 200 OK in 9ms (Views: 9.0ms | ActiveRecord: 0.1ms)


Started GET "/assets/application.self-e80e8f2318043e8af94dddc2adad5a4f09739a8ebb323b3ab31cd71d45fd9113.css?body=1" for ::1 at 2016-07-05 17:28:27 -0400


Started GET "/assets/jquery.self-660adc51e0224b731d29f575a6f1ec167ba08ad06ed5deca4f1e8654c135bf4c.js?body=1" for ::1 at 2016-07-05 17:28:27 -0400


Started GET "/assets/turbolinks.self-c37727e9bd6b2735da5c311aa83fead54ed0be6cc8bd9a65309e9c5abe2cbfff.js?body=1" for ::1 at 2016-07-05 17:28:27 -0400


Started GET "/assets/application.self-3b8dabdc891efe46b9a144b400ad69e37d7e5876bdc39dee783419a69d7ca819.js?body=1" for ::1 at 2016-07-05 17:28:27 -0400


Started GET "/assets/jquery_ujs.self-e87806d0cf4489aeb1bb7288016024e8de67fd18db693fe026fe3907581e53cd.js?body=1" for ::1 at 2016-07-05 17:28:27 -0400


Started GET "/students/1" for ::1 at 2016-07-05 17:28:28 -0400
Processing by StudentsController#show as HTML
  Parameters: {"id"=>"1"}
  [1m[35mStudent Load (0.1ms)[0m  SELECT  "students".* FROM "students" WHERE "students"."id" = ? LIMIT 1  [["id", 1]]
Completed 404 Not Found in 1ms (ActiveRecord: 0.1ms)

ActiveRecord::RecordNotFound (Couldn't find Student with 'id'=1):
  app/controllers/students_controller.rb:7:in `show'


  Rendered /Users/gust/.rvm/gems/ruby-2.0.0-p451/gems/actionpack-4.2.3/lib/action_dispatch/middleware/templates/rescues/_source.erb (3.4ms)
  Rendered /Users/gust/.rvm/gems/ruby-2.0.0-p451/gems/actionpack-4.2.3/lib/action_dispatch/middleware/templates/rescues/_trace.html.erb (2.2ms)
  Rendered /Users/gust/.rvm/gems/ruby-2.0.0-p451/gems/actionpack-4.2.3/lib/action_dispatch/middleware/templates/rescues/_request_and_response.html.erb (0.7ms)
  Rendered /Users/gust/.rvm/gems/ruby-2.0.0-p451/gems/actionpack-4.2.3/lib/action_dispatch/middleware/templates/rescues/diagnostics.html.erb within rescues/layout (18.6ms)
  Rendered /Users/gust/.rvm/gems/ruby-2.0.0-p451/gems/web-console-2.3.0/lib/web_console/templates/_markup.html.erb (0.2ms)
  Rendered /Users/gust/.rvm/gems/ruby-2.0.0-p451/gems/web-console-2.3.0/lib/web_console/templates/_inner_console_markup.html.erb within layouts/inlined_string (0.3ms)
  Rendered /Users/gust/.rvm/gems/ruby-2.0.0-p451/gems/web-console-2.3.0/lib/web_console/templates/_prompt_box_markup.html.erb within layouts/inlined_string (0.2ms)
  Rendered /Users/gust/.rvm/gems/ruby-2.0.0-p451/gems/web-console-2.3.0/lib/web_console/templates/style.css.erb within layouts/inlined_string (0.4ms)
  Rendered /Users/gust/.rvm/gems/ruby-2.0.0-p451/gems/web-console-2.3.0/lib/web_console/templates/console.js.erb within layouts/javascript (15.1ms)
  Rendered /Users/gust/.rvm/gems/ruby-2.0.0-p451/gems/web-console-2.3.0/lib/web_console/templates/main.js.erb within layouts/javascript (0.3ms)
  Rendered /Users/gust/.rvm/gems/ruby-2.0.0-p451/gems/web-console-2.3.0/lib/web_console/templates/error_page.js.erb within layouts/javascript (0.3ms)
  Rendered /Users/gust/.rvm/gems/ruby-2.0.0-p451/gems/web-console-2.3.0/lib/web_console/templates/index.html.erb (32.6ms)
  [1m[36mActiveRecord::SchemaMigration Load (0.1ms)[0m  [1mSELECT "schema_migrations".* FROM "schema_migrations"[0m
  [1m[35mActiveRecord::SchemaMigration Load (0.1ms)[0m  SELECT "schema_migrations".* FROM "schema_migrations"


Started GET "/students/1" for ::1 at 2016-07-05 17:29:03 -0400
Processing by StudentsController#show as HTML
  Parameters: {"id"=>"1"}
  [1m[36mStudent Load (0.1ms)[0m  [1mSELECT  "students".* FROM "students" WHERE "students"."id" = ? LIMIT 1[0m  [["id", 1]]
Completed 404 Not Found in 4ms (ActiveRecord: 0.4ms)

ActiveRecord::RecordNotFound (Couldn't find Student with 'id'=1):
  app/controllers/students_controller.rb:7:in `show'


  Rendered /Users/gust/.rvm/gems/ruby-2.0.0-p451/gems/actionpack-4.2.3/lib/action_dispatch/middleware/templates/rescues/_source.erb (4.9ms)
  Rendered /Users/gust/.rvm/gems/ruby-2.0.0-p451/gems/actionpack-4.2.3/lib/action_dispatch/middleware/templates/rescues/_trace.html.erb (2.7ms)
  Rendered /Users/gust/.rvm/gems/ruby-2.0.0-p451/gems/actionpack-4.2.3/lib/action_dispatch/middleware/templates/rescues/_request_and_response.html.erb (1.2ms)
  Rendered /Users/gust/.rvm/gems/ruby-2.0.0-p451/gems/actionpack-4.2.3/lib/action_dispatch/middleware/templates/rescues/diagnostics.html.erb within rescues/layout (26.3ms)
  Rendered /Users/gust/.rvm/gems/ruby-2.0.0-p451/gems/web-console-2.3.0/lib/web_console/templates/_markup.html.erb (0.5ms)
  Rendered /Users/gust/.rvm/gems/ruby-2.0.0-p451/gems/web-console-2.3.0/lib/web_console/templates/_inner_console_markup.html.erb within layouts/inlined_string (0.3ms)
  Rendered /Users/gust/.rvm/gems/ruby-2.0.0-p451/gems/web-console-2.3.0/lib/web_console/templates/_prompt_box_markup.html.erb within layouts/inlined_string (0.3ms)
  Rendered /Users/gust/.rvm/gems/ruby-2.0.0-p451/gems/web-console-2.3.0/lib/web_console/templates/style.css.erb within layouts/inlined_string (0.5ms)
  Rendered /Users/gust/.rvm/gems/ruby-2.0.0-p451/gems/web-console-2.3.0/lib/web_console/templates/console.js.erb within layouts/javascript (19.2ms)
  Rendered /Users/gust/.rvm/gems/ruby-2.0.0-p451/gems/web-console-2.3.0/lib/web_console/templates/main.js.erb within layouts/javascript (0.3ms)
  Rendered /Users/gust/.rvm/gems/ruby-2.0.0-p451/gems/web-console-2.3.0/lib/web_console/templates/error_page.js.erb within layouts/javascript (0.4ms)
  Rendered /Users/gust/.rvm/gems/ruby-2.0.0-p451/gems/web-console-2.3.0/lib/web_console/templates/index.html.erb (42.7ms)


Started GET "/students" for ::1 at 2016-07-05 17:29:27 -0400
Processing by StudentsController#index as HTML
  [1m[35mStudent Load (0.1ms)[0m  SELECT "students".* FROM "students"
  Rendered students/index.html.erb within layouts/application (0.5ms)
Completed 200 OK in 9ms (Views: 8.3ms | ActiveRecord: 0.1ms)


Started GET "/assets/application.self-e80e8f2318043e8af94dddc2adad5a4f09739a8ebb323b3ab31cd71d45fd9113.css?body=1" for ::1 at 2016-07-05 17:29:27 -0400


Started GET "/assets/jquery_ujs.self-e87806d0cf4489aeb1bb7288016024e8de67fd18db693fe026fe3907581e53cd.js?body=1" for ::1 at 2016-07-05 17:29:27 -0400


Started GET "/assets/jquery.self-660adc51e0224b731d29f575a6f1ec167ba08ad06ed5deca4f1e8654c135bf4c.js?body=1" for ::1 at 2016-07-05 17:29:27 -0400


Started GET "/assets/turbolinks.self-c37727e9bd6b2735da5c311aa83fead54ed0be6cc8bd9a65309e9c5abe2cbfff.js?body=1" for ::1 at 2016-07-05 17:29:27 -0400


Started GET "/assets/application.self-3b8dabdc891efe46b9a144b400ad69e37d7e5876bdc39dee783419a69d7ca819.js?body=1" for ::1 at 2016-07-05 17:29:27 -0400
